


gaeaAltovaGen.dll ... (1/21)
F:\poking\GaeaSoft\Gaea Desktop 2.0\Gaea Desktop SDK\Bin32R\gaeaAltovaGen.dll
加密完成 !



gaeaAnalyst.dll ... (2/21)
F:\poking\GaeaSoft\Gaea Desktop 2.0\Gaea Desktop SDK\Bin32R\gaeaAnalyst.dll
加密完成 !



gaeaApplicationExtention.dll ... (3/21)
F:\poking\GaeaSoft\Gaea Desktop 2.0\Gaea Desktop SDK\Bin32R\gaeaApplicationExtention.dll
加密完成 !



gaeaCarto.dll ... (4/21)
F:\poking\GaeaSoft\Gaea Desktop 2.0\Gaea Desktop SDK\Bin32R\gaeaCarto.dll
加密完成 !



gaeaCatalog.dll ... (5/21)
F:\poking\GaeaSoft\Gaea Desktop 2.0\Gaea Desktop SDK\Bin32R\gaeaCatalog.dll
加密完成 !



gaeaClient.dll ... (6/21)
F:\poking\GaeaSoft\Gaea Desktop 2.0\Gaea Desktop SDK\Bin32R\gaeaClient.dll
加密完成 !



gaeaComponents.dll ... (7/21)
F:\poking\GaeaSoft\Gaea Desktop 2.0\Gaea Desktop SDK\Bin32R\gaeaComponents.dll
加密完成 !



gaeaConfigurationWizard.dll ... (8/21)
F:\poking\GaeaSoft\Gaea Desktop 2.0\Gaea Desktop SDK\Bin32R\gaeaConfigurationWizard.dll
加密完成 !



gaeaControls.dll ... (9/21)
F:\poking\GaeaSoft\Gaea Desktop 2.0\Gaea Desktop SDK\Bin32R\gaeaControls.dll
加密完成 !



gaeaCore.dll ... (10/21)
F:\poking\GaeaSoft\Gaea Desktop 2.0\Gaea Desktop SDK\Bin32R\gaeaCore.dll
加密完成 !



gaeaDisplay.dll ... (11/21)
F:\poking\GaeaSoft\Gaea Desktop 2.0\Gaea Desktop SDK\Bin32R\gaeaDisplay.dll
加密完成 !



gaeaGeoDatabase.dll ... (12/21)
F:\poking\GaeaSoft\Gaea Desktop 2.0\Gaea Desktop SDK\Bin32R\gaeaGeoDatabase.dll
加密完成 !



gaeaGeometry.dll ... (13/21)
F:\poking\GaeaSoft\Gaea Desktop 2.0\Gaea Desktop SDK\Bin32R\gaeaGeometry.dll
加密完成 !



gaeaMaths.dll ... (14/21)
F:\poking\GaeaSoft\Gaea Desktop 2.0\Gaea Desktop SDK\Bin32R\gaeaMaths.dll
加密完成 !



gaeaMessageBoxExLib.dll ... (15/21)
F:\poking\GaeaSoft\Gaea Desktop 2.0\Gaea Desktop SDK\Bin32R\gaeaMessageBoxExLib.dll
加密完成 !



gaeaPluginEngine.dll ... (16/21)
F:\poking\GaeaSoft\Gaea Desktop 2.0\Gaea Desktop SDK\Bin32R\gaeaPluginEngine.dll
加密完成 !



gaeaServer.dll ... (17/21)
F:\poking\GaeaSoft\Gaea Desktop 2.0\Gaea Desktop SDK\Bin32R\gaeaServer.dll
加密完成 !



gaeaSystem.dll ... (18/21)
F:\poking\GaeaSoft\Gaea Desktop 2.0\Gaea Desktop SDK\Bin32R\gaeaSystem.dll
加密完成 !



gaeaTimeline.dll ... (19/21)
F:\poking\GaeaSoft\Gaea Desktop 2.0\Gaea Desktop SDK\Bin32R\gaeaTimeline.dll
加密完成 !



gaeaUtilities.dll ... (20/21)
F:\poking\GaeaSoft\Gaea Desktop 2.0\Gaea Desktop SDK\Bin32R\gaeaUtilities.dll
加密完成 !



gaeaXmlClient.dll ... (21/21)
F:\poking\GaeaSoft\Gaea Desktop 2.0\Gaea Desktop SDK\Bin32R\gaeaXmlClient.dll
加密完成 !
正在修改运行库版权信息 ...
正在修改运行库版权信息 ...
加密完成 !